I have found two JUnit tests that pass on the IBM JRE, but fail on the Sun JRE.  Here are the exception stacks for these:

AllTests - validation
AllTests
TestMainValidatorLC
testReferenceInvaliSchemeNamespaceUnknown(org.eclipse.cosmos.rm.internal.validation.core.TestMainValidatorLC)
junit.framework.AssertionFailedError: The content of the generated file is different than the expected file: expectedPattern: [a-zA-Z: 0-9]*Severity: error There was an error in resolving the reference:.*Prefix must resolve to a namespace: univ.* but was: Line number: 84 Severity: error There was an error in resolving the reference: Universities/Harvard/Courses.xml#smlxpath1(/univ:Courses/univ:Course[univ:Name='Physics101']). org.eclipse.cosmos.rm.internal.validation.reference.BadExpressionException: javax.xml.xpath.XPathExpressionException
	at junit.framework.Assert.fail(Assert.java:47)
	at junit.framework.Assert.assertTrue(Assert.java:20)
	at org.eclipse.cosmos.common.tests.CommonTestUtility.compareFiles(CommonTestUtility.java:80)
	at org.eclipse.cosmos.rm.internal.validation.core.TestMainValidatorLC.testReferenceInvaliSchemeNamespaceUnknown(TestMainValidatorLC.java:620)
	at sun.reflect.NativeMethodAccessorImpl.invoke0(Native Method)
	at sun.reflect.NativeMethodAccessorImpl.invoke(NativeMethodAccessorImpl.java:39)
	at sun.reflect.DelegatingMethodAccessorImpl.invoke(DelegatingMethodAccessorImpl.java:25)
	at java.lang.reflect.Method.invoke(Method.java:585)
	at junit.framework.TestCase.runTest(TestCase.java:164)
	at junit.framework.TestCase.runBare(TestCase.java:130)
	at junit.framework.TestResult$1.protect(TestResult.java:106)
	at junit.framework.TestResult.runProtected(TestResult.java:124)
	at junit.framework.TestResult.run(TestResult.java:109)
	at junit.framework.TestCase.run(TestCase.java:120)
	at org.eclipse.hyades.test.common.junit.HyadesTestCase.run(HyadesTestCase.java:172)
	at junit.framework.TestSuite.runTest(TestSuite.java:230)
	at org.eclipse.hyades.test.common.junit.HyadesTestSuite.runTest(HyadesTestSuite.java:457)
	at junit.framework.TestSuite.run(TestSuite.java:225)
	at org.eclipse.hyades.test.common.junit.HyadesTestSuite.doRun(HyadesTestSuite.java:425)
	at org.eclipse.hyades.test.common.junit.HyadesTestSuite.run(HyadesTestSuite.java:338)
	at junit.framework.TestSuite.runTest(TestSuite.java:230)
	at org.eclipse.hyades.test.common.junit.HyadesTestSuite.runTest(HyadesTestSuite.java:457)
	at junit.framework.TestSuite.run(TestSuite.java:225)
	at org.eclipse.hyades.test.common.junit.HyadesTestSuite.doRun(HyadesTestSuite.java:425)
	at org.eclipse.hyades.test.common.junit.HyadesTestSuite.run(HyadesTestSuite.java:338)
	at org.eclipse.jdt.internal.junit.runner.junit3.JUnit3TestReference.run(JUnit3TestReference.java:130)
	at org.eclipse.jdt.internal.junit.runner.TestExecution.run(TestExecution.java:38)
	at org.eclipse.jdt.internal.junit.runner.RemoteTestRunner.runTests(RemoteTestRunner.java:460)
	at org.eclipse.jdt.internal.junit.runner.RemoteTestRunner.runTests(RemoteTestRunner.java:673)
	at org.eclipse.jdt.internal.junit.runner.RemoteTestRunner.run(RemoteTestRunner.java:386)
	at org.eclipse.jdt.internal.junit.runner.RemoteTestRunner.main(RemoteTestRunner.java:196)

testReferenceInvalidSchemeSyntaxError(org.eclipse.cosmos.rm.internal.validation.core.TestMainValidatorLC)
junit.framework.AssertionFailedError: The content of the generated file is different than the expected file: expectedPattern: [a-zA-Z: 0-9]*Severity: error There was an error in resolving the reference:.*Prefix must resolve to a namespace: u:Coursesu.* but was: Line number: 84 Severity: error There was an error in resolving the reference: Universities/Harvard/Courses.xml#smlxpath1(/u:Coursesu:Course[u:Name='Physics101']). org.eclipse.cosmos.rm.internal.validation.reference.BadExpressionException: javax.xml.xpath.XPathExpressionException
	at junit.framework.Assert.fail(Assert.java:47)
	at junit.framework.Assert.assertTrue(Assert.java:20)
	at org.eclipse.cosmos.common.tests.CommonTestUtility.compareFiles(CommonTestUtility.java:80)
	at org.eclipse.cosmos.rm.internal.validation.core.TestMainValidatorLC.testReferenceInvalidSchemeSyntaxError(TestMainValidatorLC.java:662)
	at sun.reflect.NativeMethodAccessorImpl.invoke0(Native Method)
	at sun.reflect.NativeMethodAccessorImpl.invoke(NativeMethodAccessorImpl.java:39)
	at sun.reflect.DelegatingMethodAccessorImpl.invoke(DelegatingMethodAccessorImpl.java:25)
	at java.lang.reflect.Method.invoke(Method.java:585)
	at junit.framework.TestCase.runTest(TestCase.java:164)
	at junit.framework.TestCase.runBare(TestCase.java:130)
	at junit.framework.TestResult$1.protect(TestResult.java:106)
	at junit.framework.TestResult.runProtected(TestResult.java:124)
	at junit.framework.TestResult.run(TestResult.java:109)
	at junit.framework.TestCase.run(TestCase.java:120)
	at org.eclipse.hyades.test.common.junit.HyadesTestCase.run(HyadesTestCase.java:172)
	at junit.framework.TestSuite.runTest(TestSuite.java:230)
	at org.eclipse.hyades.test.common.junit.HyadesTestSuite.runTest(HyadesTestSuite.java:457)
	at junit.framework.TestSuite.run(TestSuite.java:225)
	at org.eclipse.hyades.test.common.junit.HyadesTestSuite.doRun(HyadesTestSuite.java:425)
	at org.eclipse.hyades.test.common.junit.HyadesTestSuite.run(HyadesTestSuite.java:338)
	at junit.framework.TestSuite.runTest(TestSuite.java:230)
	at org.eclipse.hyades.test.common.junit.HyadesTestSuite.runTest(HyadesTestSuite.java:457)
	at junit.framework.TestSuite.run(TestSuite.java:225)
	at org.eclipse.hyades.test.common.junit.HyadesTestSuite.doRun(HyadesTestSuite.java:425)
	at org.eclipse.hyades.test.common.junit.HyadesTestSuite.run(HyadesTestSuite.java:338)
	at org.eclipse.jdt.internal.junit.runner.junit3.JUnit3TestReference.run(JUnit3TestReference.java:130)
	at org.eclipse.jdt.internal.junit.runner.TestExecution.run(TestExecution.java:38)
	at org.eclipse.jdt.internal.junit.runner.RemoteTestRunner.runTests(RemoteTestRunner.java:460)
	at org.eclipse.jdt.internal.junit.runner.RemoteTestRunner.runTests(RemoteTestRunner.java:673)
	at org.eclipse.jdt.internal.junit.runner.RemoteTestRunner.run(RemoteTestRunner.java:386)
	at org.eclipse.jdt.internal.junit.runner.RemoteTestRunner.main(RemoteTestRunner.java:196)