Created attachment 230199 [details]
surefire-report

org.eclipse.vjet.eclipse.core.typeconstruct.TypeConstructResolverExtensionTests.testResolverExtension JUnit Test fails:

-------------------------------------------------------------------------------
Test set: org.eclipse.vjet.eclipse.core.typeconstruct.TypeConstructResolverExtensionTests
-------------------------------------------------------------------------------
Tests run: 1, Failures: 0, Errors: 1, Skipped: 0, Time elapsed: 0.053 sec <<< FAILURE!
testResolverExtension(org.eclipse.vjet.eclipse.core.typeconstruct.TypeConstructResolverExtensionTests)  Time elapsed: 0.024 sec  <<< ERROR!
java.lang.RuntimeException: java.lang.RuntimeException: Could not load JsNative resource
	at org.eclipse.vjet.vjo.lib.LibManager.getJsNativeGlobalLib(LibManager.java:170)
	at org.eclipse.vjet.dsf.jstojava.controller.NativeJsLibProvider.<init>(NativeJsLibProvider.java:37)
	at org.eclipse.vjet.dsf.jstojava.controller.JstParseController.<init>(JstParseController.java:38)
	at org.eclipse.vjet.eclipse.core.typeconstruct.TypeConstructResolverExtensionTests.testResolverExtension(TypeConstructResolverExtensionTests.java:26)

See the test results and test workspace .log files attached